\BOOKMARK [0][-]{chapter*.1}{\376\377\000L\036\334\000I\000\040\000C\036\242\000M\000\040\001\240\000N}{}% 1
\BOOKMARK [0][-]{section*.2}{\376\377\000M\036\344\000C\000\040\000L\036\344\000C}{}% 2
\BOOKMARK [0][-]{section*.3}{\376\377\000D\000A\000N\000H\000\040\000M\036\344\000C\000\040\000H\000\314\000N\000H\000\040}{}% 3
\BOOKMARK [0][-]{section*.4}{\376\377\000D\000A\000N\000H\000\040\000M\036\344\000C\000\040\000B\036\242\000N\000G}{}% 4
\BOOKMARK [0][-]{chapter*.5}{\376\377\000T\000\323\000M\000\040\000T\036\256\000T}{}% 5
\BOOKMARK [0][-]{chapter*.6}{\376\377\000A\000B\000S\000T\000R\000A\000C\000T}{}% 6
\BOOKMARK [0][-]{chapter*.7}{\376\377\000D\000A\000N\000H\000\040\000M\036\344\000C\000\040\000C\000\301\000C\000\040\000T\036\352\000\040\000V\000I\036\276\000T\000\040\000T\036\256\000T}{}% 7
\BOOKMARK [0][-]{section*.8}{\376\377\000P\000H\036\246\000N\000\040\0001\000:\000\040\000G\000I\036\332\000I\000\040\000T\000H\000I\036\306\000U}{}% 8
\BOOKMARK [0][-]{section*.8}{\376\377\000\040\000C\000h\000n\000g\000\040\0001\000:\000\040\000G\000I\036\332\000I\000\040\000T\000H\000I\036\306\000U\000\040\000T\036\324\000N\000G\000\040\000Q\000U\000A\000N}{}% 9
\BOOKMARK [1][-]{section.1.1}{\376\377\001\020\036\266\000T\000\040\000V\036\244\000N\000\040\001\020\036\300}{section*.8}% 10
\BOOKMARK [2][-]{subsection.1.1.1}{\376\377\000B\000\340\000i\000\040\000t\000o\000\341\000n\000,\000\040\000v\036\245\000n\000\040\001\021\036\301\000\040\001\021\036\267\000t\000\040\000r\000a\000\040\001\021\036\321\000i\000\040\000v\036\333\000i\000\040\001\021\036\301\000\040\000t\000\340\000i}{section.1.1}% 11
\BOOKMARK [2][-]{subsection.1.1.2}{\376\377\000N\000g\000u\000y\000\352\000n\000\040\000n\000h\000\342\000n\000\040\000l\000\340\000m\000\040\001\021\036\301\000\040\000t\000\340\000i}{section.1.1}% 12
\BOOKMARK [1][-]{section.1.2}{\376\377\000L\036\312\000C\000H\000\040\000S\036\354\000\040\000G\000I\036\242\000I\000\040\000Q\000U\000Y\036\276\000T\000\040\000V\036\244\000N\000\040\001\020\036\300}{section*.8}% 13
\BOOKMARK [0][-]{section*.9}{\376\377\000P\000H\036\246\000N\000\040\0002\000:\000\040\000N\036\330\000I\000\040\000D\000U\000N\000G}{}% 14
\BOOKMARK [0][-]{section*.9}{\376\377\000\040\000C\000h\000n\000g\000\040\0002\000:\000\040\001\020\036\266\000C\000\040\000T\036\242\000\040\000Y\000\312\000U\000\040\000C\036\246\000U}{}% 15
\BOOKMARK [1][-]{section.2.1}{\376\377\000M\000\324\000\040\000T\036\242\000\040\001\020\036\300\000\040\000B\000\300\000I}{section*.9}% 16
\BOOKMARK [0][-]{chapter.3}{\376\377\000T\000H\000I\036\276\000T\000\040\000K\036\276\000\040\000G\000I\036\242\000I\000\040\000P\000H\000\301\000P}{}% 17
\BOOKMARK [1][-]{section.3.1}{\376\377\000C\001\240\000\040\000S\036\336\000\040\000L\000\335\000\040\000T\000H\000U\000Y\036\276\000T}{chapter.3}% 18
\BOOKMARK [0][-]{section*.10}{\376\377\000P\000H\036\246\000N\000\040\0003\000:\000\040\000K\036\276\000T\000\040\000L\000U\036\254\000N}{}% 19
\BOOKMARK [0][-]{section*.10}{\376\377\000\040\000C\000h\000n\000g\000\040\0004\000:\000\040\000K\036\276\000T\000\040\000Q\000U\036\242\000\040\000V\000\300\000\040\001\020\000\301\000N\000H\000\040\000G\000I\000\301}{}% 20
\BOOKMARK [1][-]{section.4.1}{\376\377\000K\036\276\000T\000\040\000Q\000U\036\242\000\040\001\020\036\240\000T\000\040\001\020\001\257\036\342\000C}{section*.10}% 21
\BOOKMARK [1][-]{section.4.2}{\376\377\000H\001\257\036\332\000N\000G\000\040\000P\000H\000\301\000T\000\040\000T\000R\000I\036\302\000N}{section*.10}% 22
\BOOKMARK [0][-]{section.4.2}{\376\377\000T\000\300\000I\000\040\000L\000I\036\306\000U\000\040\000T\000H\000A\000M\000\040\000K\000H\036\242\000O}{}% 23
